<?xml version="1.0" encoding="UTF-8"?>
<testsuite xmlns:xsi="http://www.w3.org/2001/XMLSchema-instance" xsi:noNamespaceSchemaLocation="https://maven.apache.org/surefire/maven-surefire-plugin/xsd/surefire-test-report.xsd" name="com.focus.studio.movie.app.rest.VoiceMailControllerTest" time="7.333" tests="2" errors="0" skipped="0" failures="0">
  <properties>
[...]
</properties>
  <testcase name="testTransitionMessage" classname="com.focus.studio.movie.app.rest.VoiceMailControllerTest" time="4.081"/>
  <testcase name="testListMessages" classname="com.focus.studio.movie.app.rest.VoiceMailControllerTest" time="0.429"/>
</testsuite>